Arguments: 
  /Users/tomcollins/.volta/tools/image/node/16.13.0/bin/node /Users/tomcollins/.volta/tools/image/yarn/1.22.17/bin/yarn.js add colors

PATH: 
  /Users/tomcollins/.volta/tools/image/yarn/1.22.17/bin:/Users/tomcollins/.volta/tools/image/node/16.13.0/bin:/Users/tomcollins/.volta/bin:/Users/tomcollins/.rbenv/shims:/Users/tomcollins/.nvm/versions/node/v14.18.1/bin:/Users/tomcollins/.volta/bin:/usr/local/bin:/usr/bin:/bin:/usr/sbin:/sbin:/Library/Apple/usr/bin:/Users/tomcollins/.fig/bin:/Users/tomcollins/.local/bin

Yarn version: 
  1.22.17

Node version: 
  16.13.0

Platform: 
  darwin x64

Trace: 
  Error: https://nexus.eng.toasttab.com/repository/toast_npm/colors/-/colors-1.4.2.tgz: Request failed "404 Not Found"
      at ResponseError.ExtendableBuiltin (/Users/tomcollins/.volta/tools/image/yarn/1.22.17/lib/cli.js:696:66)
      at new ResponseError (/Users/tomcollins/.volta/tools/image/yarn/1.22.17/lib/cli.js:802:124)
      at Request.<anonymous> (/Users/tomcollins/.volta/tools/image/yarn/1.22.17/lib/cli.js:67099:16)
      at Request.emit (node:events:390:28)
      at Request.module.exports.Request.onRequestResponse (/Users/tomcollins/.volta/tools/image/yarn/1.22.17/lib/cli.js:141760:10)
      at ClientRequest.emit (node:events:390:28)
      at HTTPParser.parserOnIncomingClient (node:_http_client:623:27)
      at HTTPParser.parserOnHeadersComplete (node:_http_common:128:17)
      at HTTPParser.execute (<anonymous>)
      at TLSSocket.socketOnData (node:_http_client:487:22)

npm manifest: 
  {
    "name": "7guis",
    "version": "0.0.1",
    "scripts": {
      "dev": "svelte-kit dev",
      "build": "svelte-kit build",
      "package": "svelte-kit package",
      "preview": "svelte-kit preview",
      "prepare": "svelte-kit sync",
      "lint": "prettier --ignore-path .gitignore --check --plugin-search-dir=. . && eslint --ignore-path .gitignore .",
      "format": "prettier --ignore-path .gitignore --write --plugin-search-dir=. ."
    },
    "devDependencies": {
      "@sveltejs/adapter-auto": "next",
      "@sveltejs/kit": "next",
      "eslint": "^8.12.0",
      "eslint-config-prettier": "^8.3.0",
      "eslint-plugin-svelte3": "^4.0.0",
      "prettier": "^2.5.1",
      "prettier-plugin-svelte": "^2.5.0",
      "svelte": "^3.44.0"
    },
    "type": "module"
  }

yarn manifest: 
  No manifest

Lockfile: 
  No lockfile
